Build started 06.10.2014 14:43:22.
     1>Project "c:\Users\tudor.tudor.000\documents\visual studio 2013\Projects\C++\C++\C++.vcxproj" on node 2 (Build target(s)).
     1>ClCompile:
         C:\Program Files (x86)\Microsoft Visual Studio 12.0\VC\bin\CL.exe /c /ZI /nologo /W3 /WX- /Od /Oy- /D WIN32 /D _DEBUG /D _CONSOLE /D _LIB /D _UNICODE /D UNICODE /Gm /EHsc /RTC1 /MDd /GS /fp:precise /Zc:wchar_t /Zc:forScope /Fo"Debug\\" /Fd"Debug\vc120.pdb" /Gd /TP /analyze- /errorReport:prompt problema1.cpp
         problema1.cpp
     1>c:\users\tudor.tudor.000\documents\visual studio 2013\projects\c++\c++\problema1.cpp(43): warning C4996: 'strcpy': This function or variable may be unsafe. Consider using strcpy_s instead. To disable deprecation, use _CRT_SECURE_NO_WARNINGS. See online help for details.
                 c:\program files (x86)\microsoft visual studio 12.0\vc\include\string.h(112) : see declaration of 'strcpy'
     1>c:\users\tudor.tudor.000\documents\visual studio 2013\projects\c++\c++\problema1.cpp(59): warning C4996: 'strcpy': This function or variable may be unsafe. Consider using strcpy_s instead. To disable deprecation, use _CRT_SECURE_NO_WARNINGS. See online help for details.
                 c:\program files (x86)\microsoft visual studio 12.0\vc\include\string.h(112) : see declaration of 'strcpy'
     1>c:\users\tudor.tudor.000\documents\visual studio 2013\projects\c++\c++\problema1.cpp(60): warning C4996: 'strcpy': This function or variable may be unsafe. Consider using strcpy_s instead. To disable deprecation, use _CRT_SECURE_NO_WARNINGS. See online help for details.
                 c:\program files (x86)\microsoft visual studio 12.0\vc\include\string.h(112) : see declaration of 'strcpy'
     1>c:\users\tudor.tudor.000\documents\visual studio 2013\projects\c++\c++\problema1.cpp(61): warning C4996: 'strcpy': This function or variable may be unsafe. Consider using strcpy_s instead. To disable deprecation, use _CRT_SECURE_NO_WARNINGS. See online help for details.
                 c:\program files (x86)\microsoft visual studio 12.0\vc\include\string.h(112) : see declaration of 'strcpy'
     1>c:\users\tudor.tudor.000\documents\visual studio 2013\projects\c++\c++\problema1.cpp(27): warning C4101: 'inreg1' : unreferenced local variable
       Link:
         C:\Program Files (x86)\Microsoft Visual Studio 12.0\VC\bin\link.exe /ERRORREPORT:PROMPT /OUT:"c:\users\tudor.tudor.000\documents\visual studio 2013\Projects\C++\Debug\C++.exe" /INCREMENTAL /NOLOGO kernel32.lib user32.lib gdi32.lib winspool.lib comdlg32.lib advapi32.lib shell32.lib ole32.lib oleaut32.lib uuid.lib odbc32.lib odbccp32.lib /MANIFEST /MANIFESTUAC:"level='asInvoker' uiAccess='false'" /manifest:embed /DEBUG /PDB:"c:\users\tudor.tudor.000\documents\visual studio 2013\Projects\C++\Debug\C++.pdb" /SUBSYSTEM:CONSOLE /TLBID:1 /DYNAMICBASE /NXCOMPAT /IMPLIB:"c:\users\tudor.tudor.000\documents\visual studio 2013\Projects\C++\Debug\C++.lib" /MACHINE:X86 Debug\problema1.obj
         C++.vcxproj -> c:\users\tudor.tudor.000\documents\visual studio 2013\Projects\C++\Debug\C++.exe
     1>Done Building Project "c:\Users\tudor.tudor.000\documents\visual studio 2013\Projects\C++\C++\C++.vcxproj" (Build target(s)).

Build succeeded.

Time Elapsed 00:00:01.46
