Build started 03.04.2014 17:05:58.
     1>Project "C:\Users\Tudor.Tudor.000\Documents\Visual Studio 2013\Projects\ConsoleApplication5\ConsoleApplication5\ConsoleApplication5.vcxproj" on node 2 (Build target(s)).
     1>ClCompile:
         C:\Program Files (x86)\Microsoft Visual Studio 12.0\VC\bin\CL.exe /c /ZI /nologo /W3 /WX- /Od /Oy- /D WIN32 /D _DEBUG /D _CONSOLE /D _LIB /D _UNICODE /D UNICODE /Gm /EHsc /RTC1 /MDd /GS /fp:precise /Zc:wchar_t /Zc:forScope /Fo"Debug\\" /Fd"Debug\vc120.pdb" /Gd /TP /analyze- /errorReport:prompt "probleme fisiere.cpp"
         probleme fisiere.cpp
     1>c:\users\tudor.tudor.000\documents\visual studio 2013\projects\consoleapplication5\consoleapplication5\probleme fisiere.cpp(22): warning C4996: 'gets': This function or variable may be unsafe. Consider using gets_s instead. To disable deprecation, use _CRT_SECURE_NO_WARNINGS. See online help for details.
                 c:\program files (x86)\microsoft visual studio 12.0\vc\include\stdio.h(254) : see declaration of 'gets'
     1>c:\users\tudor.tudor.000\documents\visual studio 2013\projects\consoleapplication5\consoleapplication5\probleme fisiere.cpp(26): warning C4996: 'fopen': This function or variable may be unsafe. Consider using fopen_s instead. To disable deprecation, use _CRT_SECURE_NO_WARNINGS. See online help for details.
                 c:\program files (x86)\microsoft visual studio 12.0\vc\include\stdio.h(211) : see declaration of 'fopen'
     1>c:\users\tudor.tudor.000\documents\visual studio 2013\projects\consoleapplication5\consoleapplication5\probleme fisiere.cpp(30): warning C4996: 'scanf': This function or variable may be unsafe. Consider using scanf_s instead. To disable deprecation, use _CRT_SECURE_NO_WARNINGS. See online help for details.
                 c:\program files (x86)\microsoft visual studio 12.0\vc\include\stdio.h(283) : see declaration of 'scanf'
     1>c:\users\tudor.tudor.000\documents\visual studio 2013\projects\consoleapplication5\consoleapplication5\probleme fisiere.cpp(35): warning C4996: 'gets': This function or variable may be unsafe. Consider using gets_s instead. To disable deprecation, use _CRT_SECURE_NO_WARNINGS. See online help for details.
                 c:\program files (x86)\microsoft visual studio 12.0\vc\include\stdio.h(254) : see declaration of 'gets'
     1>c:\users\tudor.tudor.000\documents\visual studio 2013\projects\consoleapplication5\consoleapplication5\probleme fisiere.cpp(37): warning C4996: 'scanf': This function or variable may be unsafe. Consider using scanf_s instead. To disable deprecation, use _CRT_SECURE_NO_WARNINGS. See online help for details.
                 c:\program files (x86)\microsoft visual studio 12.0\vc\include\stdio.h(283) : see declaration of 'scanf'
     1>c:\users\tudor.tudor.000\documents\visual studio 2013\projects\consoleapplication5\consoleapplication5\probleme fisiere.cpp(39): warning C4996: 'scanf': This function or variable may be unsafe. Consider using scanf_s instead. To disable deprecation, use _CRT_SECURE_NO_WARNINGS. See online help for details.
                 c:\program files (x86)\microsoft visual studio 12.0\vc\include\stdio.h(283) : see declaration of 'scanf'
     1>c:\users\tudor.tudor.000\documents\visual studio 2013\projects\consoleapplication5\consoleapplication5\probleme fisiere.cpp(41): warning C4996: 'scanf': This function or variable may be unsafe. Consider using scanf_s instead. To disable deprecation, use _CRT_SECURE_NO_WARNINGS. See online help for details.
                 c:\program files (x86)\microsoft visual studio 12.0\vc\include\stdio.h(283) : see declaration of 'scanf'
     1>c:\users\tudor.tudor.000\documents\visual studio 2013\projects\consoleapplication5\consoleapplication5\probleme fisiere.cpp(43): warning C4996: 'scanf': This function or variable may be unsafe. Consider using scanf_s instead. To disable deprecation, use _CRT_SECURE_NO_WARNINGS. See online help for details.
                 c:\program files (x86)\microsoft visual studio 12.0\vc\include\stdio.h(283) : see declaration of 'scanf'
     1>c:\users\tudor.tudor.000\documents\visual studio 2013\projects\consoleapplication5\consoleapplication5\probleme fisiere.cpp(45): warning C4996: 'scanf': This function or variable may be unsafe. Consider using scanf_s instead. To disable deprecation, use _CRT_SECURE_NO_WARNINGS. See online help for details.
                 c:\program files (x86)\microsoft visual studio 12.0\vc\include\stdio.h(283) : see declaration of 'scanf'
     1>c:\users\tudor.tudor.000\documents\visual studio 2013\projects\consoleapplication5\consoleapplication5\probleme fisiere.cpp(47): warning C4996: 'scanf': This function or variable may be unsafe. Consider using scanf_s instead. To disable deprecation, use _CRT_SECURE_NO_WARNINGS. See online help for details.
                 c:\program files (x86)\microsoft visual studio 12.0\vc\include\stdio.h(283) : see declaration of 'scanf'
     1>c:\users\tudor.tudor.000\documents\visual studio 2013\projects\consoleapplication5\consoleapplication5\probleme fisiere.cpp(49): warning C4996: 'scanf': This function or variable may be unsafe. Consider using scanf_s instead. To disable deprecation, use _CRT_SECURE_NO_WARNINGS. See online help for details.
                 c:\program files (x86)\microsoft visual studio 12.0\vc\include\stdio.h(283) : see declaration of 'scanf'
     1>c:\users\tudor.tudor.000\documents\visual studio 2013\projects\consoleapplication5\consoleapplication5\probleme fisiere.cpp(51): warning C4996: 'scanf': This function or variable may be unsafe. Consider using scanf_s instead. To disable deprecation, use _CRT_SECURE_NO_WARNINGS. See online help for details.
                 c:\program files (x86)\microsoft visual studio 12.0\vc\include\stdio.h(283) : see declaration of 'scanf'
     1>c:\users\tudor.tudor.000\documents\visual studio 2013\projects\consoleapplication5\consoleapplication5\probleme fisiere.cpp(58): warning C4996: 'scanf': This function or variable may be unsafe. Consider using scanf_s instead. To disable deprecation, use _CRT_SECURE_NO_WARNINGS. See online help for details.
                 c:\program files (x86)\microsoft visual studio 12.0\vc\include\stdio.h(283) : see declaration of 'scanf'
       Link:
         C:\Program Files (x86)\Microsoft Visual Studio 12.0\VC\bin\link.exe /ERRORREPORT:PROMPT /OUT:"C:\Users\Tudor.Tudor.000\Documents\Visual Studio 2013\Projects\ConsoleApplication5\Debug\ConsoleApplication5.exe" /INCREMENTAL /NOLOGO kernel32.lib user32.lib gdi32.lib winspool.lib comdlg32.lib advapi32.lib shell32.lib ole32.lib oleaut32.lib uuid.lib odbc32.lib odbccp32.lib /MANIFEST /MANIFESTUAC:"level='asInvoker' uiAccess='false'" /manifest:embed /DEBUG /PDB:"C:\Users\Tudor.Tudor.000\Documents\Visual Studio 2013\Projects\ConsoleApplication5\Debug\ConsoleApplication5.pdb" /SUBSYSTEM:CONSOLE /TLBID:1 /DYNAMICBASE /NXCOMPAT /IMPLIB:"C:\Users\Tudor.Tudor.000\Documents\Visual Studio 2013\Projects\ConsoleApplication5\Debug\ConsoleApplication5.lib" /MACHINE:X86 "Debug\probleme fisiere.obj"
         ConsoleApplication5.vcxproj -> C:\Users\Tudor.Tudor.000\Documents\Visual Studio 2013\Projects\ConsoleApplication5\Debug\ConsoleApplication5.exe
     1>Done Building Project "C:\Users\Tudor.Tudor.000\Documents\Visual Studio 2013\Projects\ConsoleApplication5\ConsoleApplication5\ConsoleApplication5.vcxproj" (Build target(s)).

Build succeeded.

Time Elapsed 00:00:00.59
