c:\users\tudor.tudor.000\documents\visual studio 2013\projects\consoleapplication7\consoleapplication7\debug\vc120.pdb
c:\users\tudor.tudor.000\documents\visual studio 2013\projects\consoleapplication7\consoleapplication7\debug\vc120.idb
c:\users\tudor.tudor.000\documents\visual studio 2013\projects\consoleapplication7\consoleapplication7\debug\problema1.obj
c:\users\tudor.tudor.000\documents\visual studio 2013\projects\consoleapplication7\consoleapplication7\debug\problema 2.obj
c:\users\tudor.tudor.000\documents\visual studio 2013\projects\consoleapplication7\consoleapplication7\debug\problema3.obj
c:\users\tudor.tudor.000\documents\visual studio 2013\projects\consoleapplication7\consoleapplication7\debug\problema4.obj
c:\users\tudor.tudor.000\documents\visual studio 2013\projects\consoleapplication7\consoleapplication7\debug\problema5.obj
c:\users\tudor.tudor.000\documents\visual studio 2013\projects\consoleapplication7\consoleapplication7\debug\problema6.obj
c:\users\tudor.tudor.000\documents\visual studio 2013\projects\consoleapplication7\consoleapplication7\debug\problema8.obj
c:\users\tudor.tudor.000\documents\visual studio 2013\projects\consoleapplication7\consoleapplication7\debug\problema9.obj
c:\users\tudor.tudor.000\documents\visual studio 2013\projects\consoleapplication7\consoleapplication7\debug\problema10.obj
c:\users\tudor.tudor.000\documents\visual studio 2013\projects\consoleapplication7\consoleapplication7\debug\problema11.obj
c:\users\tudor.tudor.000\documents\visual studio 2013\projects\consoleapplication7\consoleapplication7\debug\problema11a.obj
c:\users\tudor.tudor.000\documents\visual studio 2013\projects\consoleapplication7\consoleapplication7\debug\valoarea unui polinom.obj
c:\users\tudor.tudor.000\documents\visual studio 2013\projects\consoleapplication7\consoleapplication7\debug\polinom.obj
c:\users\tudor.tudor.000\documents\visual studio 2013\projects\consoleapplication7\consoleapplication7\debug\vector cu n elem nat sa se verifice daca contine doarnr impare.obj
c:\users\tudor.tudor.000\documents\visual studio 2013\projects\consoleapplication7\consoleapplication7\debug\vector sa se verifice daca toate elementele sunt pozitive.obj
c:\users\tudor.tudor.000\documents\visual studio 2013\projects\consoleapplication7\consoleapplication7\debug\vector elem naturale sa se verifice daca exista elem divizibile cu 3.obj
c:\users\tudor.tudor.000\documents\visual studio 2013\projects\consoleapplication7\consoleapplication7\debug\media aritmetica geometrica si armonica.obj
c:\users\tudor.tudor.000\documents\visual studio 2013\projects\consoleapplication7\consoleapplication7\debug\max subprogram.obj
c:\users\tudor.tudor.000\documents\visual studio 2013\projects\consoleapplication7\consoleapplication7\debug\subprogram un nr sa se afiseze daca este par sau impar.obj
c:\users\tudor.tudor.000\documents\visual studio 2013\projects\consoleapplication7\consoleapplication7\debug\se citeşte de la tastatură un număr, să se afişeze dacă este pozitiv sau negativ.obj
c:\users\tudor.tudor.000\documents\visual studio 2013\projects\consoleapplication7\consoleapplication7\debug\subprogram se citeşte de la tastatură un număr să se afişeze dacă este pozitiv sau negativ.obj
c:\users\tudor.tudor.000\documents\visual studio 2013\projects\consoleapplication7\debug\consoleapplication7.ilk
c:\users\tudor.tudor.000\documents\visual studio 2013\projects\consoleapplication7\debug\consoleapplication7.exe
c:\users\tudor.tudor.000\documents\visual studio 2013\projects\consoleapplication7\debug\consoleapplication7.pdb
c:\users\tudor.tudor.000\documents\visual studio 2013\projects\consoleapplication7\consoleapplication7\debug\consolea.39a55bbe.tlog\cl.command.1.tlog
c:\users\tudor.tudor.000\documents\visual studio 2013\projects\consoleapplication7\consoleapplication7\debug\consolea.39a55bbe.tlog\cl.read.1.tlog
c:\users\tudor.tudor.000\documents\visual studio 2013\projects\consoleapplication7\consoleapplication7\debug\consolea.39a55bbe.tlog\cl.write.1.tlog
c:\users\tudor.tudor.000\documents\visual studio 2013\projects\consoleapplication7\consoleapplication7\debug\consolea.39a55bbe.tlog\link.command.1.tlog
c:\users\tudor.tudor.000\documents\visual studio 2013\projects\consoleapplication7\consoleapplication7\debug\consolea.39a55bbe.tlog\link.read.1.tlog
c:\users\tudor.tudor.000\documents\visual studio 2013\projects\consoleapplication7\consoleapplication7\debug\consolea.39a55bbe.tlog\link.write.1.tlog
